{
  "stats": {
    "suites": 1,
    "tests": 1,
    "passes": 1,
    "pending": 0,
    "failures": 0,
    "testsRegistered": 1,
    "passPercent": 100,
    "pendingPercent": 0,
    "other": 0,
    "hasOther": false,
    "skipped": 0,
    "hasSkipped": false,
    "start": "2024-08-04T00:18:39.668Z",
    "end": "2024-08-04T00:19:06.807Z",
    "duration": 27139
  },
  "results": [
    {
      "uuid": "00e7ede2-42da-4ab7-9744-c3bf2d470e82",
      "title": "",
      "fullFile": "cypress\\e2e\\slider3.js",
      "file": "cypress\\e2e\\slider3.js",
      "beforeHooks": [],
      "afterHooks": [],
      "tests": [],
      "suites": [
        {
          "uuid": "b841aa2c-e3d9-4ce6-b729-00ccac6f764a",
          "title": "third slider",
          "fullFile": "",
          "file": "",
          "beforeHooks": [],
          "afterHooks": [],
          "tests": [
            {
              "title": "looking for a specific slide",
              "fullTitle": "third slider looking for a specific slide",
              "timedOut": null,
              "duration": 22095,
              "state": "passed",
              "speed": "slow",
              "pass": true,
              "fail": false,
              "pending": false,
              "context": null,
              "code": "cy.contains('section', '30+ Courses video library FREE ACCESS').should('be.visible').scrollIntoView().next();\nfunction nextSlide() {\n  cy.contains('.pp-info-box-title', ' Webservices API Automation using Python and DJANGO Framework ').then(el => {\n    if (Cypress.dom.isVisible(el)) {\n      cy.contains('h4', ' Webservices API Automation using Python and DJANGO Framework ').parentsUntil('.pp-info-box-content-wrap').find('a').click();\n      cy.wait(4000);\n      cy.origin('https://www.selenium-tutorial.com/p/webservices-api-automation-testing-using-postman-python-and-django-framework', () => {\n        cy.get('.course-title').contains(' Webservices API Automation Testing using POSTMAN, PYTHON and DJANGO Framework ');\n      });\n    } else {\n      cy.wait(1000);\n      cy.get('.swiper-button-next').click().then(nextSlide);\n    }\n  });\n}\nnextSlide();",
              "err": {},
              "uuid": "a68cf675-7958-4385-b40b-1fe91042b1be",
              "parentUUID": "b841aa2c-e3d9-4ce6-b729-00ccac6f764a",
              "isHook": false,
              "skipped": false
            }
          ],
          "suites": [],
          "passes": [
            "a68cf675-7958-4385-b40b-1fe91042b1be"
          ],
          "failures": [],
          "pending": [],
          "skipped": [],
          "duration": 22095,
          "root": false,
          "rootEmpty": false,
          "_timeout": 2000
        }
      ],
      "passes": [],
      "failures": [],
      "pending": [],
      "skipped": [],
      "duration": 0,
      "root": true,
      "rootEmpty": true,
      "_timeout": 2000
    }
  ],
  "meta": {
    "mocha": {
      "version": "7.0.1"
    },
    "mochawesome": {
      "options": {
        "quiet": false,
        "reportFilename": "mochawesome",
        "saveHtml": false,
        "saveJson": true,
        "consoleReporter": "spec",
        "useInlineDiffs": false,
        "code": true
      },
      "version": "7.1.3"
    },
    "marge": {
      "options": {
        "id": "default",
        "reportDir": "cypress/results/mochawesome",
        "overwrite": false,
        "html": false,
        "json": true
      },
      "version": "6.2.0"
    }
  }
}