{
  "stats": {
    "suites": 1,
    "tests": 1,
    "passes": 1,
    "pending": 0,
    "failures": 0,
    "start": "2024-08-05T22:49:42.698Z",
    "end": "2024-08-05T22:49:46.921Z",
    "duration": 4223,
    "testsRegistered": 1,
    "passPercent": 100,
    "pendingPercent": 0,
    "other": 0,
    "hasOther": false,
    "skipped": 0,
    "hasSkipped": false
  },
  "results": [
    {
      "uuid": "efde1bee-73c0-4809-a2df-5e443a8547c6",
      "title": "",
      "fullFile": "cypress\\e2e\\automationShowcase.spec.js",
      "file": "cypress\\e2e\\automationShowcase.spec.js",
      "beforeHooks": [],
      "afterHooks": [],
      "tests": [],
      "suites": [
        {
          "uuid": "f8858f03-eb7e-471c-a0b4-71363117d29d",
          "title": "First Test Suite",
          "fullFile": "",
          "file": "",
          "beforeHooks": [],
          "afterHooks": [],
          "tests": [
            {
              "title": "Forms Dropdown Check",
              "fullTitle": "First Test Suite Forms Dropdown Check",
              "timedOut": null,
              "duration": 1676,
              "state": "passed",
              "speed": "fast",
              "pass": true,
              "fail": false,
              "pending": false,
              "context": null,
              "code": "const formsNames = ['Login', 'Register', 'Recover password'];\ncy.get('#forms').then(forms => {\n  cy.wrap(forms).click({\n    force: true\n  });\n  cy.get('#homeSubmenu li').each((listItem, index) => {\n    const itemText = listItem.text().trim();\n    if (itemText == formsNames[index]) {\n      expect(itemText == formsNames[index]).to.be.true;\n    } else {\n      throw new Error('Zastavuji test. Chyba');\n    }\n    cy.get('#login').should('be.visible');\n  });\n});",
              "err": {},
              "uuid": "228aec79-86d0-412e-a582-93758e41ebe1",
              "parentUUID": "f8858f03-eb7e-471c-a0b4-71363117d29d",
              "isHook": false,
              "skipped": false
            }
          ],
          "suites": [],
          "passes": [
            "228aec79-86d0-412e-a582-93758e41ebe1"
          ],
          "failures": [],
          "pending": [],
          "skipped": [],
          "duration": 1676,
          "root": false,
          "rootEmpty": false,
          "_timeout": 2000
        }
      ],
      "passes": [],
      "failures": [],
      "pending": [],
      "skipped": [],
      "duration": 0,
      "root": true,
      "rootEmpty": true,
      "_timeout": 2000
    }
  ],
  "meta": {
    "mocha": {
      "version": "7.0.1"
    },
    "mochawesome": {
      "options": {
        "quiet": false,
        "reportFilename": "mochawesome",
        "saveHtml": false,
        "saveJson": true,
        "consoleReporter": "spec",
        "useInlineDiffs": false,
        "code": true
      },
      "version": "7.1.3"
    },
    "marge": {
      "options": {
        "id": "default",
        "reportDir": "cypress/results/mochawesome",
        "overwrite": false,
        "html": false,
        "json": true
      },
      "version": "6.2.0"
    }
  }
}