{
  "stats": {
    "suites": 1,
    "tests": 1,
    "passes": 1,
    "pending": 0,
    "failures": 0,
    "start": "2024-08-05T22:51:15.254Z",
    "end": "2024-08-05T22:51:27.486Z",
    "duration": 12232,
    "testsRegistered": 1,
    "passPercent": 100,
    "pendingPercent": 0,
    "other": 0,
    "hasOther": false,
    "skipped": 0,
    "hasSkipped": false
  },
  "results": [
    {
      "uuid": "c0c2bc40-e951-49b7-a363-e2063b88acc1",
      "title": "",
      "fullFile": "cypress\\e2e\\toolTip.spec.js",
      "file": "cypress\\e2e\\toolTip.spec.js",
      "beforeHooks": [],
      "afterHooks": [],
      "tests": [],
      "suites": [
        {
          "uuid": "f7571900-b8df-4391-9d1d-db08ee8d9b73",
          "title": "Practice test suite",
          "fullFile": "",
          "file": "",
          "beforeHooks": [],
          "afterHooks": [],
          "tests": [
            {
              "title": "dynamic loading",
              "fullTitle": "Practice test suite dynamic loading",
              "timedOut": null,
              "duration": 7872,
              "state": "passed",
              "speed": "medium",
              "pass": true,
              "fail": false,
              "pending": false,
              "context": null,
              "code": "cy.contains('a', 'Dynamic Loading').click();\ncy.contains('a', 'Example 1: Element on page that is hidden').click();\ncy.contains('button', 'Start').click();\ncy.get('#loading').should('be.visible');\ncy.get('img[src=\"/img/ajax-loader.gif\"]').should('be.visible');",
              "err": {},
              "uuid": "875b76ed-42e2-4211-b69c-bdda2375b008",
              "parentUUID": "f7571900-b8df-4391-9d1d-db08ee8d9b73",
              "isHook": false,
              "skipped": false
            }
          ],
          "suites": [],
          "passes": [
            "875b76ed-42e2-4211-b69c-bdda2375b008"
          ],
          "failures": [],
          "pending": [],
          "skipped": [],
          "duration": 7872,
          "root": false,
          "rootEmpty": false,
          "_timeout": 2000
        }
      ],
      "passes": [],
      "failures": [],
      "pending": [],
      "skipped": [],
      "duration": 0,
      "root": true,
      "rootEmpty": true,
      "_timeout": 2000
    }
  ],
  "meta": {
    "mocha": {
      "version": "7.0.1"
    },
    "mochawesome": {
      "options": {
        "quiet": false,
        "reportFilename": "mochawesome",
        "saveHtml": false,
        "saveJson": true,
        "consoleReporter": "spec",
        "useInlineDiffs": false,
        "code": true
      },
      "version": "7.1.3"
    },
    "marge": {
      "options": {
        "id": "default",
        "reportDir": "cypress/results/mochawesome",
        "overwrite": false,
        "html": false,
        "json": true
      },
      "version": "6.2.0"
    }
  }
}