{
  "stats": {
    "suites": 1,
    "tests": 1,
    "passes": 1,
    "pending": 0,
    "failures": 0,
    "start": "2024-08-05T22:41:57.052Z",
    "end": "2024-08-05T22:42:04.718Z",
    "duration": 7666,
    "testsRegistered": 1,
    "passPercent": 100,
    "pendingPercent": 0,
    "other": 0,
    "hasOther": false,
    "skipped": 0,
    "hasSkipped": false
  },
  "results": [
    {
      "uuid": "98be3279-2291-4cd3-8b56-e6a309645fc1",
      "title": "",
      "fullFile": "cypress\\e2e\\slider2.js",
      "file": "cypress\\e2e\\slider2.js",
      "beforeHooks": [],
      "afterHooks": [],
      "tests": [],
      "suites": [
        {
          "uuid": "02a3e1f5-2b7c-44e3-b905-2c8a3f2c6bf4",
          "title": "second slider",
          "fullFile": "",
          "file": "",
          "beforeHooks": [],
          "afterHooks": [],
          "tests": [
            {
              "title": "simple slider invoke",
              "fullTitle": "second slider simple slider invoke",
              "timedOut": null,
              "duration": 4557,
              "state": "passed",
              "speed": "fast",
              "pass": true,
              "fail": false,
              "pending": false,
              "context": null,
              "code": "cy.get('#slider span').invoke('attr', 'style', 'left:80%');",
              "err": {},
              "uuid": "efb6de8b-d05f-487f-b306-b34c43884fc4",
              "parentUUID": "02a3e1f5-2b7c-44e3-b905-2c8a3f2c6bf4",
              "isHook": false,
              "skipped": false
            }
          ],
          "suites": [],
          "passes": [
            "efb6de8b-d05f-487f-b306-b34c43884fc4"
          ],
          "failures": [],
          "pending": [],
          "skipped": [],
          "duration": 4557,
          "root": false,
          "rootEmpty": false,
          "_timeout": 2000
        }
      ],
      "passes": [],
      "failures": [],
      "pending": [],
      "skipped": [],
      "duration": 0,
      "root": true,
      "rootEmpty": true,
      "_timeout": 2000
    }
  ],
  "meta": {
    "mocha": {
      "version": "7.0.1"
    },
    "mochawesome": {
      "options": {
        "quiet": false,
        "reportFilename": "mochawesome",
        "saveHtml": false,
        "saveJson": true,
        "consoleReporter": "spec",
        "useInlineDiffs": false,
        "code": true
      },
      "version": "7.1.3"
    },
    "marge": {
      "options": {
        "id": "default",
        "reportDir": "cypress/results/mochawesome",
        "overwrite": false,
        "html": false,
        "json": true
      },
      "version": "6.2.0"
    }
  }
}