{
  "stats": {
    "suites": 1,
    "tests": 1,
    "passes": 0,
    "pending": 0,
    "failures": 1,
    "start": "2024-08-05T22:50:10.090Z",
    "end": "2024-08-05T22:50:15.605Z",
    "duration": 5515,
    "testsRegistered": 1,
    "passPercent": 0,
    "pendingPercent": 0,
    "other": 0,
    "hasOther": false,
    "skipped": 0,
    "hasSkipped": false
  },
  "results": [
    {
      "uuid": "f414a635-2a58-4fdc-94bb-beed03ec93f9",
      "title": "",
      "fullFile": "cypress\\e2e\\rangeSlider.js",
      "file": "cypress\\e2e\\rangeSlider.js",
      "beforeHooks": [],
      "afterHooks": [],
      "tests": [],
      "suites": [
        {
          "uuid": "0eec211b-a760-426b-9055-9dd370d2bb9d",
          "title": "range Slider",
          "fullFile": "",
          "file": "",
          "beforeHooks": [],
          "afterHooks": [],
          "tests": [
            {
              "title": "slider",
              "fullTitle": "range Slider slider",
              "timedOut": null,
              "duration": 2548,
              "state": "failed",
              "speed": null,
              "pass": false,
              "fail": true,
              "pending": false,
              "context": null,
              "code": "cy.get('iframe').then($iframe => {\n  const $body = $iframe.contents().find('body');\n  cy.wrap($body).should('not.be.empty');\n  cy.wrap($body).find('#slider span').should('exist').as('slider');\n  cy.wait(2000);\n  cy.get('@slider').trigger('mousedown', {\n    which: 1,\n    pageX: 0,\n    pageY: 0\n  }).trigger('mousemove', {\n    which: 1,\n    pageX: 300,\n    pageY: 0\n  }).trigger('mouseup');\n});",
              "err": {
                "message": "TypeError: The following error originated from your application code, not from Cypress.\n\n  > Cannot read properties of undefined (reading 'msie')\n\nWhen Cypress detects uncaught errors originating from your application it will automatically fail the current test.\n\nThis behavior is configurable, and you can choose to turn this off by listening to the `uncaught:exception` event.\n\nhttps://on.cypress.io/uncaught-exception-from-application\n\nBecause this error occurred during a `before each` hook we are skipping the remaining tests in the current suite: `range Slider`",
                "estack": "TypeError: The following error originated from your application code, not from Cypress.\n\n  > Cannot read properties of undefined (reading 'msie')\n\nWhen Cypress detects uncaught errors originating from your application it will automatically fail the current test.\n\nThis behavior is configurable, and you can choose to turn this off by listening to the `uncaught:exception` event.\n\nhttps://on.cypress.io/uncaught-exception-from-application\n\nBecause this error occurred during a `before each` hook we are skipping the remaining tests in the current suite: `range Slider`\n    at <unknown> (https://www.globalsqa.com/wp-content/themes/Savia/js/jquery.jqzoom-core.js?ver=6.4.5:23:28)\n    at <unknown> (https://www.globalsqa.com/wp-content/themes/Savia/js/jquery.jqzoom-core.js?ver=6.4.5:740:3)",
                "diff": null
              },
              "uuid": "f234e3ab-8c37-4ae3-9cf4-390460647aea",
              "parentUUID": "0eec211b-a760-426b-9055-9dd370d2bb9d",
              "isHook": false,
              "skipped": false
            }
          ],
          "suites": [],
          "passes": [],
          "failures": [
            "f234e3ab-8c37-4ae3-9cf4-390460647aea"
          ],
          "pending": [],
          "skipped": [],
          "duration": 2548,
          "root": false,
          "rootEmpty": false,
          "_timeout": 2000
        }
      ],
      "passes": [],
      "failures": [],
      "pending": [],
      "skipped": [],
      "duration": 0,
      "root": true,
      "rootEmpty": true,
      "_timeout": 2000
    }
  ],
  "meta": {
    "mocha": {
      "version": "7.0.1"
    },
    "mochawesome": {
      "options": {
        "quiet": false,
        "reportFilename": "mochawesome",
        "saveHtml": false,
        "saveJson": true,
        "consoleReporter": "spec",
        "useInlineDiffs": false,
        "code": true
      },
      "version": "7.1.3"
    },
    "marge": {
      "options": {
        "id": "default",
        "reportDir": "cypress/results/mochawesome",
        "overwrite": false,
        "html": false,
        "json": true
      },
      "version": "6.2.0"
    }
  }
}