{
  "stats": {
    "suites": 1,
    "tests": 1,
    "passes": 1,
    "pending": 0,
    "failures": 0,
    "start": "2024-08-05T22:12:47.869Z",
    "end": "2024-08-05T22:13:35.042Z",
    "duration": 47173,
    "testsRegistered": 1,
    "passPercent": 100,
    "pendingPercent": 0,
    "other": 0,
    "hasOther": false,
    "skipped": 0,
    "hasSkipped": false
  },
  "results": [
    {
      "uuid": "a178db43-96ea-410e-9901-d7b1af8f489b",
      "title": "",
      "fullFile": "cypress\\e2e\\slider3.js",
      "file": "cypress\\e2e\\slider3.js",
      "beforeHooks": [],
      "afterHooks": [],
      "tests": [],
      "suites": [
        {
          "uuid": "73f20312-857b-422e-9093-9062d440ab24",
          "title": "third slider",
          "fullFile": "",
          "file": "",
          "beforeHooks": [],
          "afterHooks": [],
          "tests": [
            {
              "title": "looking for a specific slide",
              "fullTitle": "third slider looking for a specific slide",
              "timedOut": null,
              "duration": 40659,
              "state": "passed",
              "speed": "slow",
              "pass": true,
              "fail": false,
              "pending": false,
              "context": null,
              "code": "cy.contains('section', '30+ Courses video library FREE ACCESS').should('be.visible').scrollIntoView().next();\nfunction nextSlide() {\n  cy.contains('.pp-info-box-title', ' Webservices API Automation using Python and DJANGO Framework ').then(el => {\n    if (Cypress.dom.isVisible(el)) {\n      cy.contains('h4', ' Webservices API Automation using Python and DJANGO Framework ').parentsUntil('.pp-info-box-content-wrap').find('a').click();\n      cy.wait(4000);\n      cy.origin('https://www.selenium-tutorial.com/p/webservices-api-automation-testing-using-postman-python-and-django-framework', () => {\n        cy.get('.course-title').contains(' Webservices API Automation Testing using POSTMAN, PYTHON and DJANGO Framework ');\n      });\n    } else {\n      cy.wait(1000);\n      cy.get('.swiper-button-next').click().then(nextSlide);\n    }\n  });\n}\nnextSlide();",
              "err": {},
              "uuid": "ff35989c-7b32-406e-bb7e-5aba6239cf1c",
              "parentUUID": "73f20312-857b-422e-9093-9062d440ab24",
              "isHook": false,
              "skipped": false
            }
          ],
          "suites": [],
          "passes": [
            "ff35989c-7b32-406e-bb7e-5aba6239cf1c"
          ],
          "failures": [],
          "pending": [],
          "skipped": [],
          "duration": 40659,
          "root": false,
          "rootEmpty": false,
          "_timeout": 2000
        }
      ],
      "passes": [],
      "failures": [],
      "pending": [],
      "skipped": [],
      "duration": 0,
      "root": true,
      "rootEmpty": true,
      "_timeout": 2000
    }
  ],
  "meta": {
    "mocha": {
      "version": "7.0.1"
    },
    "mochawesome": {
      "options": {
        "quiet": false,
        "reportFilename": "mochawesome",
        "saveHtml": false,
        "saveJson": true,
        "consoleReporter": "spec",
        "useInlineDiffs": false,
        "code": true
      },
      "version": "7.1.3"
    },
    "marge": {
      "options": {
        "id": "default",
        "reportDir": "cypress/results/mochawesome",
        "overwrite": false,
        "html": false,
        "json": true
      },
      "version": "6.2.0"
    }
  }
}