{
  "stats": {
    "suites": 1,
    "tests": 1,
    "passes": 1,
    "pending": 0,
    "failures": 0,
    "start": "2024-08-05T22:50:22.187Z",
    "end": "2024-08-05T22:50:29.587Z",
    "duration": 7400,
    "testsRegistered": 1,
    "passPercent": 100,
    "pendingPercent": 0,
    "other": 0,
    "hasOther": false,
    "skipped": 0,
    "hasSkipped": false
  },
  "results": [
    {
      "uuid": "4ccd4d12-d9f0-4fa8-acfa-9fa108ed7b9c",
      "title": "",
      "fullFile": "cypress\\e2e\\slider2.js",
      "file": "cypress\\e2e\\slider2.js",
      "beforeHooks": [],
      "afterHooks": [],
      "tests": [],
      "suites": [
        {
          "uuid": "dbd8312f-3d77-436b-8e2a-7623e0036560",
          "title": "second slider",
          "fullFile": "",
          "file": "",
          "beforeHooks": [],
          "afterHooks": [],
          "tests": [
            {
              "title": "simple slider invoke",
              "fullTitle": "second slider simple slider invoke",
              "timedOut": null,
              "duration": 4417,
              "state": "passed",
              "speed": "fast",
              "pass": true,
              "fail": false,
              "pending": false,
              "context": null,
              "code": "cy.get('#slider span').invoke('attr', 'style', 'left:80%');",
              "err": {},
              "uuid": "d7cab63d-a0ad-46dc-9b2f-3d6b57cba610",
              "parentUUID": "dbd8312f-3d77-436b-8e2a-7623e0036560",
              "isHook": false,
              "skipped": false
            }
          ],
          "suites": [],
          "passes": [
            "d7cab63d-a0ad-46dc-9b2f-3d6b57cba610"
          ],
          "failures": [],
          "pending": [],
          "skipped": [],
          "duration": 4417,
          "root": false,
          "rootEmpty": false,
          "_timeout": 2000
        }
      ],
      "passes": [],
      "failures": [],
      "pending": [],
      "skipped": [],
      "duration": 0,
      "root": true,
      "rootEmpty": true,
      "_timeout": 2000
    }
  ],
  "meta": {
    "mocha": {
      "version": "7.0.1"
    },
    "mochawesome": {
      "options": {
        "quiet": false,
        "reportFilename": "mochawesome",
        "saveHtml": false,
        "saveJson": true,
        "consoleReporter": "spec",
        "useInlineDiffs": false,
        "code": true
      },
      "version": "7.1.3"
    },
    "marge": {
      "options": {
        "id": "default",
        "reportDir": "cypress/results/mochawesome",
        "overwrite": false,
        "html": false,
        "json": true
      },
      "version": "6.2.0"
    }
  }
}