<?xml version="1.0" encoding="UTF-8"?>
<testsuites name="Mocha Tests" time="27.139" tests="1" failures="0">
  <testsuite name="Root Suite" timestamp="2024-08-04T00:18:39" tests="0" file="cypress\e2e\slider3.js" time="0.000" failures="0">
  </testsuite>
  <testsuite name="third slider" timestamp="2024-08-04T00:18:39" tests="1" time="27.135" failures="0">
    <testcase name="third slider looking for a specific slide" time="22.095" classname="looking for a specific slide">
    </testcase>
  </testsuite>
</testsuites>