<?xml version="1.0" encoding="UTF-8"?>
<testsuites name="Mocha Tests" time="6.995" tests="1" failures="1">
  <testsuite name="Root Suite" timestamp="2024-08-05T22:41:19" tests="0" file="cypress\e2e\firstTest.spec.js" time="0.000" failures="0">
  </testsuite>
  <testsuite name="First test suite" timestamp="2024-08-05T22:41:19" tests="1" time="6.992" failures="1">
    <testcase name="First test suite Fifth test" time="0.000" classname="Fifth test">
      <failure message="wait is not defined" type="ReferenceError"><![CDATA[ReferenceError: wait is not defined
    at Context.eval (webpack://ngx-admin/./cypress/e2e/firstTest.spec.js:128:16)]]></failure>
    </testcase>
  </testsuite>
</testsuites>