<?xml version="1.0" encoding="UTF-8"?>
<testsuites name="Mocha Tests" time="29.883" tests="1" failures="0">
  <testsuite name="Root Suite" timestamp="2024-08-05T22:50:35" tests="0" file="cypress\e2e\slider3.js" time="0.000" failures="0">
  </testsuite>
  <testsuite name="third slider" timestamp="2024-08-05T22:50:35" tests="1" time="29.880" failures="0">
    <testcase name="third slider looking for a specific slide" time="23.250" classname="looking for a specific slide">
    </testcase>
  </testsuite>
</testsuites>